<?xml version="1.0" encoding="UTF-8"?>
<!-- Generated by org.testng.reporters.JUnitReportReporter -->
<testsuite hostname="DESKTOP-LAFFKET" failures="0" tests="2" name="com.healthcare.executePageClasses.CaptureVitalsOfPatientTestClass" time="81.595" errors="0" timestamp="2023-08-22T15:50:06 IST" skipped="1">
  <testcase classname="com.healthcare.executePageClasses.CaptureVitalsOfPatientTestClass" name="verifyAllAddVitalDetailsOfRegisteredPatient" time="40.961"/>
  <system-out/>
  <testcase classname="com.healthcare.executePageClasses.CaptureVitalsOfPatientTestClass" name="verifyAllAddVitalDetailsOfRegisteredPatient" time="40.634">
    <skipped/>
  </testcase> <!-- verifyAllAddVitalDetailsOfRegisteredPatient -->
  <system-out/>
</testsuite> <!-- com.healthcare.executePageClasses.CaptureVitalsOfPatientTestClass -->
