<?xml version="1.0" encoding="UTF-8"?>
<!-- Generated by org.testng.reporters.JUnitReportReporter -->
<testsuite hostname="DESKTOP-LAFFKET" failures="0" tests="1" name="com.healthcare.executePageClasses.FindAPatientRecordTestClass" time="18.719" errors="0" timestamp="2023-08-14T15:19:19 IST" skipped="0">
  <testcase classname="com.healthcare.executePageClasses.FindAPatientRecordTestClass" name="verifyTheRegisteredPatientIsFoundOrNotInPatientRecordTable" time="18.719"/>
  <system-out/>
</testsuite> <!-- com.healthcare.executePageClasses.FindAPatientRecordTestClass -->
