<?xml version="1.0" encoding="UTF-8"?>
<!-- Generated by org.testng.reporters.JUnitReportReporter -->
<testsuite hostname="DESKTOP-LAFFKET" failures="0" tests="1" name="com.healthcare.executePageClasses.RegisterAPatientTestClass" time="19.542" errors="0" timestamp="2023-08-10T14:35:52 IST" skipped="0">
  <testcase classname="com.healthcare.executePageClasses.RegisterAPatientTestClass" name="verifyToRegisterAPatient" time="19.542"/>
  <system-out/>
</testsuite> <!-- com.healthcare.executePageClasses.RegisterAPatientTestClass -->
