<?xml version="1.0" encoding="UTF-8"?>
<!-- Generated by org.testng.reporters.JUnitReportReporter -->
<testsuite hostname="DESKTOP-LAFFKET" failures="0" tests="2" name="com.healthcare.executePageClasses.RegisterAPatientTestClass" time="48.878" errors="0" timestamp="2023-08-22T15:30:44 IST" skipped="0">
  <testcase classname="com.healthcare.executePageClasses.RegisterAPatientTestClass" name="verifyToRegisterAPatient" time="20.788"/>
  <system-out/>
  <testcase classname="com.healthcare.executePageClasses.RegisterAPatientTestClass" name="verifyToDeleteARegisteredPatient" time="28.090"/>
  <system-out/>
</testsuite> <!-- com.healthcare.executePageClasses.RegisterAPatientTestClass -->
