<?xml version="1.0" encoding="UTF-8"?>
<!-- Generated by org.testng.reporters.JUnitReportReporter -->
<testsuite hostname="DESKTOP-LAFFKET" failures="0" tests="1" name="com.healthcare.executePageClasses.CaptureVitalsOfPatientTestClass" time="66.307" errors="0" timestamp="2023-08-14T15:16:11 IST" skipped="0">
  <testcase classname="com.healthcare.executePageClasses.CaptureVitalsOfPatientTestClass" name="verifyAllAddVitalDetailsOfRegisteredPatient" time="66.307"/>
  <system-out/>
</testsuite> <!-- com.healthcare.executePageClasses.CaptureVitalsOfPatientTestClass -->
