<?xml version="1.0" encoding="UTF-8"?>
<!-- Generated by org.testng.reporters.JUnitReportReporter -->
<testsuite hostname="DESKTOP-LAFFKET" failures="0" tests="6" name="com.healthcare.executePageClasses.LoginPageTestClass" time="54.313" errors="0" timestamp="2023-08-22T20:50:33 IST" skipped="0">
  <testcase classname="com.healthcare.executePageClasses.LoginPageTestClass" name="verifyUnsuccessfullLogin" time="10.116"/>
  <system-out/>
  <testcase classname="com.healthcare.executePageClasses.LoginPageTestClass" name="verifyTheCorrectSiteIsLoadedWhileHittingTheURL" time="8.285"/>
  <system-out/>
  <testcase classname="com.healthcare.executePageClasses.LoginPageTestClass" name="verifyTheLogoIsDisplayedOrNotInHomePage" time="9.029"/>
  <system-out/>
  <testcase classname="com.healthcare.executePageClasses.LoginPageTestClass" name="verifyUnsuccessfullLogin" time="10.923"/>
  <system-out/>
  <testcase classname="com.healthcare.executePageClasses.LoginPageTestClass" name="verifyUnsuccessfullLogin" time="7.056"/>
  <system-out/>
  <testcase classname="com.healthcare.executePageClasses.LoginPageTestClass" name="verifySuccessfullLogin" time="8.904"/>
  <system-out/>
</testsuite> <!-- com.healthcare.executePageClasses.LoginPageTestClass -->
