<?xml version="1.0" encoding="UTF-8"?>
<!-- Generated by org.testng.reporters.JUnitReportReporter -->
<testsuite hostname="DESKTOP-LAFFKET" failures="0" tests="2" name="com.healthcare.executePageClasses.ActiveVisitTestClass" time="67.101" errors="0" timestamp="2023-08-22T15:30:44 IST" skipped="0">
  <testcase classname="com.healthcare.executePageClasses.ActiveVisitTestClass" name="verifyThePatientIsInActiveVisitsWhenVisitStarts" time="42.127"/>
  <system-out/>
  <testcase classname="com.healthcare.executePageClasses.ActiveVisitTestClass" name="verifyThePatientIsNotDisplayedInActiveVisitsWhenVisitNotStarted" time="24.974"/>
  <system-out/>
</testsuite> <!-- com.healthcare.executePageClasses.ActiveVisitTestClass -->
